<?xml version="1.0" encoding="UTF-8"?>
<!-- Generated by org.testng.reporters.JUnitXMLReporter -->
<testsuite ignored="4" hostname="LAPTOP-ER1I82SI" failures="0" tests="3" name="Test" time="69.974" errors="0" timestamp="2023-07-11T16:22:46 IST">
  <testcase classname="base.BaseHooks" name="@BeforeMethod loginCredentials" time="0.072">
    <failure type="java.lang.NullPointerException" message="Cannot invoke &amp;quot;org.openqa.selenium.WebDriver.findElement(org.openqa.selenium.By)&amp;quot; because &amp;quot;this.driver&amp;quot; is null">
      <![CDATA[java.lang.NullPointerException: Cannot invoke "org.openqa.selenium.WebDriver.findElement(org.openqa.selenium.By)" because "this.driver" is null
at chainpageobjects.LoginPagechain.username(LoginPagechain.java:28)
at base.BaseHooks.loginCredentials(BaseHooks.java:50)
at java.base/java.util.concurrent.ThreadPoolExecutor.runWorker(ThreadPoolExecutor.java:1136)
at java.base/java.util.concurrent.ThreadPoolExecutor$Worker.run(ThreadPoolExecutor.java:635)
at java.base/java.lang.Thread.run(Thread.java:833)
... Removed 16 stack frames]]>
    </failure>
  </testcase> <!-- @BeforeMethod loginCredentials -->
  <testcase classname="base.BaseHooks" name="@AfterMethod failurescreenshot" time="0.0">
    <skipped/>
  </testcase> <!-- @AfterMethod failurescreenshot -->
  <testcase classname="base.BaseHooks" name="@BeforeMethod loginCredentials" time="0.003">
    <failure type="java.lang.NullPointerException" message="Cannot invoke &amp;quot;org.openqa.selenium.WebDriver.findElement(org.openqa.selenium.By)&amp;quot; because &amp;quot;this.driver&amp;quot; is null">
      <![CDATA[java.lang.NullPointerException: Cannot invoke "org.openqa.selenium.WebDriver.findElement(org.openqa.selenium.By)" because "this.driver" is null
at chainpageobjects.LoginPagechain.username(LoginPagechain.java:28)
at base.BaseHooks.loginCredentials(BaseHooks.java:50)
at java.base/java.util.concurrent.ThreadPoolExecutor.runWorker(ThreadPoolExecutor.java:1136)
at java.base/java.util.concurrent.ThreadPoolExecutor$Worker.run(ThreadPoolExecutor.java:635)
at java.base/java.lang.Thread.run(Thread.java:833)
... Removed 16 stack frames]]>
    </failure>
  </testcase> <!-- @BeforeMethod loginCredentials -->
  <testcase classname="base.BaseHooks" name="@AfterMethod failurescreenshot" time="0.0">
    <skipped/>
  </testcase> <!-- @AfterMethod failurescreenshot -->
  <testcase classname="testsuites.Testcase_OpportunityErrorValidationChain" name="OpportunityErrorValidationMethod" time="0.0">
    <skipped/>
  </testcase> <!-- OpportunityErrorValidationMethod -->
  <testcase classname="testsuites.Testcase_Worktype" name="workTypeMethod" time="0.002">
    <skipped/>
  </testcase> <!-- workTypeMethod -->
  <testcase classname="testsuites.TestCase_CreateIndividualsErrorValidation" name="CreateIndividualsErrorValidationMethod" time="45.377"/>
  <testcase classname="base.BaseHooks" name="@BeforeTest browseropening" time="0.0">
    <ignored/>
  </testcase> <!-- @BeforeTest browseropening -->
  <testcase classname="base.BaseHooks" name="@AfterTest teardown" time="0.0">
    <ignored/>
  </testcase> <!-- @AfterTest teardown -->
  <testcase classname="base.BaseHooks" name="@AfterTest teardown" time="0.0">
    <ignored/>
  </testcase> <!-- @AfterTest teardown -->
  <testcase classname="base.BaseHooks" name="@BeforeTest browseropening" time="0.0">
    <ignored/>
  </testcase> <!-- @BeforeTest browseropening -->
</testsuite> <!-- Test -->
